<?xml version="1.0" encoding="UTF-8"?>
<testng-results skipped="0" failed="1" total="1" passed="0">
  <reporter-output>
  </reporter-output>
  <suite name="Default suite" duration-ms="58569" started-at="2017-06-02T18:21:06Z" finished-at="2017-06-02T18:22:05Z">
    <groups>
    </groups>
    <test name="Default test" duration-ms="58569" started-at="2017-06-02T18:21:06Z" finished-at="2017-06-02T18:22:05Z">
      <class name="TestCase.Create_Opertunity">
        <test-method status="PASS" signature="beforeMethod()[pri:0, instance:TestCase.Create_Opertunity@464bee09]" name="beforeMethod" is-config="true" duration-ms="20281" started-at="2017-06-02T23:51:06Z" finished-at="2017-06-02T23:51:26Z">
          <reporter-output>
          </reporter-output>
        </test-method> <!-- beforeMethod -->
        <test-method status="FAIL" signature="Testcase01()[pri:0, instance:TestCase.Create_Opertunity@464bee09]" name="Testcase01" duration-ms="33781" started-at="2017-06-02T23:51:26Z" finished-at="2017-06-02T23:52:00Z">
          <exception class="java.lang.ClassCastException">
            <message>
              <![CDATA[org.openqa.selenium.remote.RemoteWebElement cannot be cast to org.openqa.selenium.WebDriver]]>
            </message>
            <full-stacktrace>
              <![CDATA[java.lang.ClassCastException: org.openqa.selenium.remote.RemoteWebElement cannot be cast to org.openqa.selenium.WebDriver
	at TestCase.Create_Opertunity.Testcase01(Create_Opertunity.java:91)
	at sun.reflect.NativeMethodAccessorImpl.invoke0(Native Method)
	at sun.reflect.NativeMethodAccessorImpl.invoke(Unknown Source)
	at sun.reflect.DelegatingMethodAccessorImpl.invoke(Unknown Source)
	at java.lang.reflect.Method.invoke(Unknown Source)
	at org.testng.internal.MethodInvocationHelper.invokeMethod(MethodInvocationHelper.java:85)
	at org.testng.internal.Invoker.invokeMethod(Invoker.java:639)
	at org.testng.internal.Invoker.invokeTestMethod(Invoker.java:816)
	at org.testng.internal.Invoker.invokeTestMethods(Invoker.java:1124)
	at org.testng.internal.TestMethodWorker.invokeTestMethods(TestMethodWorker.java:125)
	at org.testng.internal.TestMethodWorker.run(TestMethodWorker.java:108)
	at org.testng.TestRunner.privateRun(TestRunner.java:774)
	at org.testng.TestRunner.run(TestRunner.java:624)
	at org.testng.SuiteRunner.runTest(SuiteRunner.java:359)
	at org.testng.SuiteRunner.runSequentially(SuiteRunner.java:354)
	at org.testng.SuiteRunner.privateRun(SuiteRunner.java:312)
	at org.testng.SuiteRunner.run(SuiteRunner.java:261)
	at org.testng.SuiteRunnerWorker.runSuite(SuiteRunnerWorker.java:52)
	at org.testng.SuiteRunnerWorker.run(SuiteRunnerWorker.java:86)
	at org.testng.TestNG.runSuitesSequentially(TestNG.java:1215)
	at org.testng.TestNG.runSuitesLocally(TestNG.java:1140)
	at org.testng.TestNG.run(TestNG.java:1048)
	at org.testng.remote.AbstractRemoteTestNG.run(AbstractRemoteTestNG.java:132)
	at org.testng.remote.RemoteTestNG.initAndRun(RemoteTestNG.java:236)
	at org.testng.remote.RemoteTestNG.main(RemoteTestNG.java:81)
]]>
            </full-stacktrace>
          </exception> <!-- java.lang.ClassCastException -->
          <reporter-output>
          </reporter-output>
        </test-method> <!-- Testcase01 -->
        <test-method status="PASS" signature="afterMethod()[pri:0, instance:TestCase.Create_Opertunity@464bee09]" name="afterMethod" is-config="true" duration-ms="4484" started-at="2017-06-02T23:52:00Z" finished-at="2017-06-02T23:52:05Z">
          <reporter-output>
          </reporter-output>
        </test-method> <!-- afterMethod -->
      </class> <!-- TestCase.Create_Opertunity -->
    </test> <!-- Default test -->
  </suite> <!-- Default suite -->
</testng-results>
